Arguments: 
  C:\Program Files\nodejs\node.exe C:\Users\Joice\AppData\Roaming\npm\node_modules\yarn\bin\yarn.js add lodash

PATH: 
  C:\Program Files\Git\mingw64\bin;C:\Program Files\Git\usr\bin;C:\Users\Joice\bin;C:\Users\Joice\bin;C:\Program Files\Git\mingw64\bin;C:\Program Files\Git\usr\local\bin;C:\Program Files\Git\usr\bin;C:\Program Files\Git\usr\bin;C:\Program Files\Git\mingw64\bin;C:\Program Files\Git\usr\bin;C:\Users\Joice\bin;C:\Program Files (x86)\Intel\iCLS Client;C:\Program Files\Intel\iCLS Client;C:\WINDOWS\system32;C:\WINDOWS;C:\WINDOWS\System32\Wbem;C:\WINDOWS\System32\WindowsPowerShell\v1.0;C:\WINDOWS\System32\OpenSSH;C:\Program Files (x86)\Intel\Intel(R) Management Engine Components\DAL;C:\Program Files\Intel\Intel(R) Management Engine Components\DAL;C:\Program Files (x86)\Intel\Intel(R) Management Engine Components\IPT;C:\Program Files\Intel\Intel(R) Management Engine Components\IPT;C:\Program Files\nodejs;C:\Program Files\Git\cmd;C:\Program Files\MariaDB 10.4\bin;C:\soft\apache-maven-3.6.1\bin;C:\Users\Joice\AppData\Local\Yarn\bin;C:\Users\Joice\AppData\Local\Microsoft\WindowsApps;C:\Users\Joice\AppData\Roaming\npm;C:\Users\Joice\AppData\Local\Programs\Microsoft VS Code\bin;C:\Program Files\Git\usr\bin\vendor_perl;C:\Program Files\Git\usr\bin\core_perl

Yarn version: 
  1.17.3

Node version: 
  10.16.0

Platform: 
  win32 x64

Trace: 
  Error: connect ETIMEDOUT 172.16.104.208:4873
      at TCPConnectWrap.afterConnect [as oncomplete] (net.js:1106:14)

npm manifest: 
  {
    "name": "advanced-beginners",
    "version": "1.0.0",
    "description": "### 李青 作业仓库",
    "main": "index.js",
    "scripts": {
      "test": "echo \"Error: no test specified\" && exit 1"
    },
    "repository": {
      "type": "git",
      "url": "git+https://github.com/JoiceRabbit/advanced-beginners.git"
    },
    "author": "",
    "license": "ISC",
    "bugs": {
      "url": "https://github.com/JoiceRabbit/advanced-beginners/issues"
    },
    "homepage": "https://github.com/JoiceRabbit/advanced-beginners#readme"
  }

yarn manifest: 
  No manifest

Lockfile: 
  No lockfile
